{
  "RSpec": {
    "coverage": {
      "/Users/aphilosopher30/Desktop/turing_work/mod_3/vote-local/vote_local_be/spec/spec_helper.rb": {
        "lines": [
          null,
          null,
          1,
          null,
          null,
          null,
          null,
          null,
          null,
          null,
          null,
          null,
          null,
          null,
          null,
          null,
          null,
          null,
          null,
          1,
          null,
          null,
          null,
          1,
          null,
          null,
          null,
          null,
          null,
          null,
          null,
          1,
          null,
          null,
          null,
          null,
          1,
          null,
          null,
          null,
          1,
          null,
          null,
          null,
          null,
          null,
          null,
          null,
          1,
          null,
          null,
          null,
          null,
          null,
          null,
          null,
          null,
          null,
          null,
          null,
          null,
          null,
          null,
          null,
          null,
          null,
          null,
          null,
          null,
          null,
          null,
          null,
          null,
          null,
          null,
          null,
          null,
          null,
          null,
          null,
          null,
          null,
          null,
          null,
          null,
          null,
          null,
          null,
          null,
          null,
          null,
          null,
          null,
          null,
          null,
          null,
          null,
          null
        ]
      },
      "/Users/aphilosopher30/Desktop/turing_work/mod_3/vote-local/vote_local_be/config/environment.rb": {
        "lines": [
          null,
          null,
          null,
          1,
          null,
          null,
          1
        ]
      },
      "/Users/aphilosopher30/Desktop/turing_work/mod_3/vote-local/vote_local_be/config/application.rb": {
        "lines": [
          null,
          null,
          1,
          null,
          1,
          null,
          1,
          1,
          1,
          1,
          1,
          1,
          1,
          1,
          null,
          null,
          null,
          null,
          null,
          1,
          null,
          1,
          1,
          null,
          1,
          null,
          null,
          null,
          null,
          null,
          null,
          null,
          null,
          null,
          1,
          null,
          null
        ]
      },
      "/Users/aphilosopher30/Desktop/turing_work/mod_3/vote-local/vote_local_be/config/boot.rb": {
        "lines": [
          null,
          null,
          1,
          null,
          1,
          1
        ]
      },
      "/Users/aphilosopher30/Desktop/turing_work/mod_3/vote-local/vote_local_be/config/environments/test.rb": {
        "lines": [
          null,
          null,
          1,
          null,
          null,
          null,
          null,
          null,
          null,
          1,
          null,
          null,
          null,
          null,
          1,
          null,
          null,
          1,
          1,
          null,
          null,
          null,
          null,
          1,
          1,
          null,
          null,
          1,
          null,
          null,
          1,
          null,
          null,
          1,
          null,
          1,
          null,
          null,
          null,
          null,
          1,
          null,
          null,
          1,
          null,
          null,
          null,
          null
        ]
      },
      "/Users/aphilosopher30/Desktop/turing_work/mod_3/vote-local/vote_local_be/config/initializers/application_controller_renderer.rb": {
        "lines": [
          null,
          null,
          null,
          null,
          null,
          null,
          null,
          null,
          null
        ]
      },
      "/Users/aphilosopher30/Desktop/turing_work/mod_3/vote-local/vote_local_be/config/initializers/backtrace_silencers.rb": {
        "lines": [
          null,
          null,
          null,
          null,
          null,
          null,
          null,
          null
        ]
      },
      "/Users/aphilosopher30/Desktop/turing_work/mod_3/vote-local/vote_local_be/config/initializers/cors.rb": {
        "lines": [
          null,
          null,
          null,
          null,
          null,
          null,
          null,
          null,
          null,
          null,
          null,
          null,
          null,
          null,
          null,
          null,
          null
        ]
      },
      "/Users/aphilosopher30/Desktop/turing_work/mod_3/vote-local/vote_local_be/config/initializers/filter_parameter_logging.rb": {
        "lines": [
          null,
          null,
          null,
          null,
          null,
          1
        ]
      },
      "/Users/aphilosopher30/Desktop/turing_work/mod_3/vote-local/vote_local_be/config/initializers/inflections.rb": {
        "lines": [
          null,
          null,
          null,
          null,
          null,
          null,
          null,
          null,
          null,
          null,
          null,
          null,
          null,
          null,
          null,
          null,
          null
        ]
      },
      "/Users/aphilosopher30/Desktop/turing_work/mod_3/vote-local/vote_local_be/config/initializers/mime_types.rb": {
        "lines": [
          null,
          null,
          null,
          null,
          null
        ]
      },
      "/Users/aphilosopher30/Desktop/turing_work/mod_3/vote-local/vote_local_be/config/initializers/wrap_parameters.rb": {
        "lines": [
          null,
          null,
          null,
          null,
          null,
          null,
          null,
          null,
          1,
          2,
          null,
          null,
          null,
          null,
          null,
          null
        ]
      },
      "/Users/aphilosopher30/Desktop/turing_work/mod_3/vote-local/vote_local_be/config/routes.rb": {
        "lines": [
          null,
          null,
          1,
          null,
          1,
          1,
          1,
          1,
          null,
          null,
          null
        ]
      },
      "/Users/aphilosopher30/Desktop/turing_work/mod_3/vote-local/vote_local_be/spec/poros/representative_spec.rb": {
        "lines": [
          null,
          null,
          1,
          null,
          1,
          1,
          1,
          1,
          1,
          1,
          1,
          null,
          null,
          1,
          1,
          1,
          1,
          1,
          null,
          1,
          null,
          null
        ]
      },
      "/Users/aphilosopher30/Desktop/turing_work/mod_3/vote-local/vote_local_be/spec/requests/api/v1/representative_request_spec.rb": {
        "lines": [
          null,
          null,
          1,
          null,
          1,
          1,
          1,
          1,
          1,
          null,
          1,
          null,
          1,
          null,
          1,
          1,
          null,
          1,
          19,
          19,
          null,
          19,
          19,
          null,
          19,
          19,
          null,
          19,
          19,
          null,
          19,
          19,
          null,
          19,
          19,
          null,
          19,
          19,
          null,
          19,
          19,
          null,
          19,
          19,
          null,
          19,
          19,
          null,
          null,
          null,
          null,
          1,
          1,
          1,
          1,
          1,
          1,
          null,
          null,
          1,
          1,
          1,
          1,
          null,
          null,
          null
        ]
      },
      "/Users/aphilosopher30/Desktop/turing_work/mod_3/vote-local/vote_local_be/spec/services/representative_service_spec.rb": {
        "lines": [
          null,
          null,
          1,
          null,
          1,
          1,
          1,
          1,
          1,
          1,
          1,
          null,
          1,
          12,
          12,
          null,
          null,
          1,
          null,
          1,
          19,
          19,
          19,
          19,
          19,
          19,
          null,
          11,
          11,
          19,
          null,
          11,
          null,
          null,
          null
        ]
      },
      "/Users/aphilosopher30/Desktop/turing_work/mod_3/vote-local/vote_local_be/app/services/representative_service.rb": {
        "lines": [
          null,
          null,
          1,
          1,
          1,
          6,
          6,
          6,
          6,
          null,
          null,
          null,
          null,
          null,
          null,
          null,
          null,
          null,
          6,
          null,
          null,
          1,
          null,
          1,
          6,
          null,
          null,
          6,
          null,
          null,
          null,
          null,
          1,
          6,
          null,
          null,
          null
        ]
      },
      "/Users/aphilosopher30/Desktop/turing_work/mod_3/vote-local/vote_local_be/app/facades/representatives_facade.rb": {
        "lines": [
          null,
          null,
          1,
          1,
          1,
          5,
          null,
          null,
          1,
          5,
          5,
          5,
          95,
          null,
          95,
          1140,
          null,
          95,
          null,
          5,
          null,
          null,
          null
        ]
      },
      "/Users/aphilosopher30/Desktop/turing_work/mod_3/vote-local/vote_local_be/app/poros/representative.rb": {
        "lines": [
          null,
          null,
          1,
          1,
          null,
          null,
          null,
          null,
          null,
          null,
          null,
          null,
          1,
          97,
          97,
          97,
          97,
          97,
          97,
          97,
          97,
          null,
          null,
          1,
          98,
          98,
          111,
          null,
          98,
          null,
          null
        ]
      },
      "/Users/aphilosopher30/Desktop/turing_work/mod_3/vote-local/vote_local_be/app/controllers/api/v1/representatives_controller.rb": {
        "lines": [
          null,
          null,
          1,
          1,
          1,
          1,
          3,
          1,
          null,
          null,
          null,
          null,
          2,
          1,
          null,
          null,
          null,
          null,
          null,
          1,
          1,
          null,
          null,
          null,
          null,
          null
        ]
      },
      "/Users/aphilosopher30/Desktop/turing_work/mod_3/vote-local/vote_local_be/app/controllers/application_controller.rb": {
        "lines": [
          null,
          null,
          1,
          null
        ]
      },
      "/Users/aphilosopher30/Desktop/turing_work/mod_3/vote-local/vote_local_be/app/serializers/representative_serializer.rb": {
        "lines": [
          null,
          null,
          1,
          1,
          1,
          null
        ]
      }
    },
    "timestamp": 1623098545
  }
}
